-------------------------------------------------------------------------------
Test set: com.pasontech.test.UserInfoApplicationTests
-------------------------------------------------------------------------------
Tests run: 2, Failures: 0, Errors: 2, Skipped: 0, Time elapsed: 0.378 s <<< FAILURE! - in com.pasontech.test.UserInfoApplicationTests
initializationError(com.pasontech.test.UserInfoApplicationTests)  Time elapsed: 0.008 s  <<< ERROR!
java.lang.Exception: The class com.pasontech.test.UserInfoApplicationTests is not public.

initializationError(com.pasontech.test.UserInfoApplicationTests)  Time elapsed: 0.001 s  <<< ERROR!
java.lang.Exception: Test class should have exactly one public constructor

